{
    "Location": "https://cloudfront.amazonaws.com/2020-05-31/distribution/E2VV3Q3057HCSB",
    "ETag": "E3DUGAU0Z79TTZ",
    "Distribution": {
        "Id": "E2VV3Q3057HCSB",
        "ARN": "arn:aws:cloudfront::493354280981:distribution/E2VV3Q3057HCSB",
        "Status": "InProgress",
        "LastModifiedTime": "2025-08-28T07:39:40.733Z",
        "InProgressInvalidationBatches": 0,
        "DomainName": "d361wr09hd4ca8.cloudfront.net",
        "ActiveTrustedSigners": {
            "Enabled": false,
            "Quantity": 0
        },
        "ActiveTrustedKeyGroups": {
            "Enabled": false,
            "Quantity": 0
        },
        "DistributionConfig": {
            "CallerReference": "weighingappbe-api-${DIST_CF}",
            "Aliases": {
                "Quantity": 0
            },
            "DefaultRootObject": "",
            "Origins": {
                "Quantity": 1,
                "Items": [
                    {
                        "Id": "eb-origin",
                        "DomainName": "weighingappbe-prod.eba-8t3s8zwt.ap-south-1.elasticbeanstalk.com",
                        "OriginPath": "",
                        "CustomHeaders": {
                            "Quantity": 0
                        },
                        "CustomOriginConfig": {
                            "HTTPPort": 80,
                            "HTTPSPort": 443,
                            "OriginProtocolPolicy": "http-only",
                            "OriginSslProtocols": {
                                "Quantity": 3,
                                "Items": [
                                    "TLSv1",
                                    "TLSv1.1",
                                    "TLSv1.2"
                                ]
                            },
                            "OriginReadTimeout": 30,
                            "OriginKeepaliveTimeout": 5
                        },
                        "ConnectionAttempts": 3,
                        "ConnectionTimeout": 10,
                        "OriginShield": {
                            "Enabled": false
                        },
                        "OriginAccessControlId": ""
                    }
                ]
            },
            "OriginGroups": {
                "Quantity": 0
            },
            "DefaultCacheBehavior": {
                "TargetOriginId": "eb-origin",
                "TrustedSigners": {
                    "Enabled": false,
                    "Quantity": 0
                },
                "TrustedKeyGroups": {
                    "Enabled": false,
                    "Quantity": 0
                },
                "ViewerProtocolPolicy": "redirect-to-https",
                "AllowedMethods": {
                    "Quantity": 7,
                    "Items": [
                        "HEAD",
                        "DELETE",
                        "POST",
                        "GET",
                        "OPTIONS",
                        "PUT",
                        "PATCH"
                    ],
                    "CachedMethods": {
                        "Quantity": 3,
                        "Items": [
                            "HEAD",
                            "GET",
                            "OPTIONS"
                        ]
                    }
                },
                "SmoothStreaming": false,
                "Compress": true,
                "LambdaFunctionAssociations": {
                    "Quantity": 0
                },
                "FunctionAssociations": {
                    "Quantity": 0
                },
                "FieldLevelEncryptionId": "",
                "GrpcConfig": {
                    "Enabled": false
                },
                "ForwardedValues": {
                    "QueryString": true,
                    "Cookies": {
                        "Forward": "all"
                    },
                    "Headers": {
                        "Quantity": 1,
                        "Items": [
                            "*"
                        ]
                    },
                    "QueryStringCacheKeys": {
                        "Quantity": 0
                    }
                },
                "MinTTL": 0,
                "DefaultTTL": 0,
                "MaxTTL": 1
            },
            "CacheBehaviors": {
                "Quantity": 0
            },
            "CustomErrorResponses": {
                "Quantity": 0
            },
            "Comment": "API distribution for weighingappbe-prod",
            "Logging": {
                "Enabled": false,
                "IncludeCookies": false,
                "Bucket": "",
                "Prefix": ""
            },
            "PriceClass": "PriceClass_100",
            "Enabled": true,
            "ViewerCertificate": {
                "CloudFrontDefaultCertificate": true,
                "SSLSupportMethod": "vip",
                "MinimumProtocolVersion": "TLSv1",
                "CertificateSource": "cloudfront"
            },
            "Restrictions": {
                "GeoRestriction": {
                    "RestrictionType": "none",
                    "Quantity": 0
                }
            },
            "WebACLId": "",
            "HttpVersion": "http2",
            "IsIPV6Enabled": true,
            "ContinuousDeploymentPolicyId": "",
            "Staging": false
        }
    }
}
